2020-11-29 13:00:46 [DEBUG] JavaFX_log4j:20 - Создание новой сцены
2020-11-29 13:00:46 [DEBUG] JavaFX_log4j:23 - Запрет изменения размера окна
2020-11-29 13:00:46 [DEBUG] JavaFX_log4j:25 - Включение отображения сцены
2020-11-29 13:00:46 [DEBUG] JavaFX_log4j:27 - Установка заголовка окна 'Calculator JavaFX'
2020-11-29 13:00:50 [ERROR] JavaFX_log4j:66 - В введённых значениях допущены ошибки
2020-11-29 13:00:50 [DEBUG] JavaFX_log4j:72 - Значения ячеек очищены
2020-11-29 13:00:55 [DEBUG] JavaFX_log4j:81 - Выполнено вычисление
2020-11-29 13:00:56 [DEBUG] JavaFX_log4j:102 - Значения ячеек очищены
2020-11-29 13:14:11 [DEBUG] JavaFX_log4j:29 - Создание новой сцены
2020-11-29 13:14:11 [DEBUG] JavaFX_log4j:32 - Запрет изменения размера окна
2020-11-29 13:14:11 [DEBUG] JavaFX_log4j:34 - Включение отображения сцены
2020-11-29 13:14:11 [DEBUG] JavaFX_log4j:36 - Установка заголовка окна 'Calculator JavaFX'
2020-11-29 13:14:16 [DEBUG] JavaFX_log4j:75 - Выполнено вычисление по алгоритму, где x > 5
2020-11-29 13:14:28 [DEBUG] JavaFX_log4j:29 - Создание новой сцены
2020-11-29 13:14:28 [DEBUG] JavaFX_log4j:32 - Запрет изменения размера окна
2020-11-29 13:14:29 [DEBUG] JavaFX_log4j:34 - Включение отображения сцены
2020-11-29 13:14:29 [DEBUG] JavaFX_log4j:36 - Установка заголовка окна 'Calculator JavaFX'
2020-11-29 13:14:33 [ERROR] JavaFX_log4j:60 - В введённых значениях допущены ошибки
2020-11-29 13:14:33 [DEBUG] JavaFX_log4j:66 - Значения ячеек очищены
2020-11-29 13:14:37 [DEBUG] JavaFX_log4j:75 - Выполнено вычисление по алгоритму, где x > 5
2020-11-29 13:14:40 [DEBUG] JavaFX_log4j:97 - Значения ячеек очищены
2020-11-30 14:55:57 [DEBUG] JavaFX_log4j:29 - Создание новой сцены
2020-11-30 14:55:57 [DEBUG] JavaFX_log4j:32 - Запрет изменения размера окна
2020-11-30 14:55:57 [DEBUG] JavaFX_log4j:34 - Включение отображения сцены
2020-11-30 14:55:57 [DEBUG] JavaFX_log4j:36 - Установка заголовка окна 'Calculator JavaFX'
2020-11-30 14:56:05 [ERROR] JavaFX_log4j:60 - В введённых значениях допущены ошибки
2020-11-30 14:56:05 [DEBUG] JavaFX_log4j:66 - Значения ячеек очищены
2020-11-30 14:57:33 [DEBUG] JavaFX_log4j:72 - Выполнено вычисление по алгоритму, где x <= 5
2020-11-30 14:57:57 [DEBUG] JavaFX_log4j:72 - Выполнено вычисление по алгоритму, где x <= 5
2020-11-30 14:58:12 [DEBUG] JavaFX_log4j:72 - Выполнено вычисление по алгоритму, где x <= 5
2020-11-30 14:58:12 [DEBUG] JavaFX_log4j:97 - Значения ячеек очищены
2020-11-30 14:58:16 [DEBUG] JavaFX_log4j:29 - Создание новой сцены
2020-11-30 14:58:16 [DEBUG] JavaFX_log4j:32 - Запрет изменения размера окна
2020-11-30 14:58:16 [DEBUG] JavaFX_log4j:34 - Включение отображения сцены
2020-11-30 14:58:16 [DEBUG] JavaFX_log4j:36 - Установка заголовка окна 'Calculator JavaFX'
2020-11-30 14:58:43 [DEBUG] JavaFX_log4j:75 - Выполнено вычисление по алгоритму, где x > 5
2020-11-30 14:59:01 [DEBUG] JavaFX_log4j:72 - Выполнено вычисление по алгоритму, где x <= 5
2020-11-30 14:59:14 [DEBUG] JavaFX_log4j:97 - Значения ячеек очищены
2020-11-30 14:59:14 [DEBUG] JavaFX_log4j:97 - Значения ячеек очищены
2020-11-30 15:38:40 [DEBUG] JavaFX_log4j:29 - Создание новой сцены
2020-11-30 15:38:40 [DEBUG] JavaFX_log4j:32 - Запрет изменения размера окна
2020-11-30 15:38:40 [DEBUG] JavaFX_log4j:34 - Включение отображения сцены
2020-11-30 15:38:40 [DEBUG] JavaFX_log4j:36 - Установка заголовка окна 'Calculator JavaFX'
2020-11-30 15:38:48 [ERROR] JavaFX_log4j:60 - В введённых значениях допущены ошибки
2020-11-30 15:38:48 [DEBUG] JavaFX_log4j:66 - Значения ячеек очищены
2020-11-30 15:38:57 [DEBUG] JavaFX_log4j:72 - Выполнено вычисление по алгоритму, где x <= 5
2020-11-30 15:39:00 [DEBUG] JavaFX_log4j:97 - Значения ячеек очищены
2020-12-01 20:55:17 [DEBUG] ZZA07_JavaFX_log4j:19 - Создание новой сцены
2020-12-01 20:55:17 [DEBUG] ZZA07_JavaFX_log4j:22 - Запрет изменения размера окна
2020-12-01 20:55:17 [DEBUG] ZZA07_JavaFX_log4j:24 - Включение отображения сцены
2020-12-01 20:55:17 [DEBUG] ZZA07_JavaFX_log4j:26 - Установка заголовка окна 'Calculator JavaFX'
2020-12-01 20:55:24 [ERROR] ZZA07_JavaFX_log4j:50 - В введённых значениях допущены ошибки
2020-12-01 20:55:24 [DEBUG] ZZA07_JavaFX_log4j:54 - Значения ячеек очищены
2020-12-01 20:55:28 [DEBUG] ZZA07_JavaFX_log4j:63 - Выполнено вычисление
2020-12-01 20:55:31 [DEBUG] ZZA07_JavaFX_log4j:82 - Значения ячеек очищены
